PolyAnim[grp=0 eb=0 i=0]: anim=5 frames=6 verts=4
  vert indices: 0 1 2 3
  frame 0: (0.8789,0.5039) (0.9953,0.5047) (0.9953,0.6195) (0.8789,0.6195)
  frame 1: (0.8789,0.6289) (0.9961,0.6289) (0.9961,0.7453) (0.8789,0.7453)
  frame 2: (0.7539,0.7531) (0.8711,0.7539) (0.8711,0.8711) (0.7539,0.8711)
  frame 3: (0.8789,0.7539) (0.9961,0.7539) (0.9961,0.8711) (0.8789,0.8711)
  frame 4: (0.7539,0.8789) (0.8711,0.8789) (0.8711,0.9961) (0.7539,0.9961)
  frame 5: (0.8789,0.8789) (0.9961,0.8789) (0.9961,0.9961) (0.8789,0.9961)
PolyAnim[grp=0 eb=0 i=1]: anim=5 frames=6 verts=4
  vert indices: 4 5 6 7
  frame 0: (0.8789,0.5039) (0.9953,0.5047) (0.9953,0.6195) (0.8789,0.6195)
  frame 1: (0.8789,0.6289) (0.9961,0.6289) (0.9961,0.7453) (0.8789,0.7453)
  frame 2: (0.7539,0.7531) (0.8711,0.7539) (0.8711,0.8711) (0.7539,0.8711)
  frame 3: (0.8789,0.7539) (0.9961,0.7539) (0.9961,0.8711) (0.8789,0.8711)
  frame 4: (0.7539,0.8789) (0.8711,0.8789) (0.8711,0.9961) (0.7539,0.9961)
  frame 5: (0.8789,0.8789) (0.9961,0.8789) (0.9961,0.9961) (0.8789,0.9961)
PolyAnim[grp=0 eb=0 i=2]: anim=5 frames=6 verts=4
  vert indices: 8 9 10 11
  frame 0: (0.8789,0.5039) (0.9953,0.5047) (0.9953,0.6195) (0.8789,0.6195)
  frame 1: (0.8789,0.6289) (0.9961,0.6289) (0.9961,0.7453) (0.8789,0.7453)
  frame 2: (0.7539,0.7531) (0.8711,0.7539) (0.8711,0.8711) (0.7539,0.8711)
  frame 3: (0.8789,0.7539) (0.9961,0.7539) (0.9961,0.8711) (0.8789,0.8711)
  frame 4: (0.7539,0.8789) (0.8711,0.8789) (0.8711,0.9961) (0.7539,0.9961)
  frame 5: (0.8789,0.8789) (0.9961,0.8789) (0.9961,0.9961) (0.8789,0.9961)
PolyAnim[grp=0 eb=0 i=3]: anim=5 frames=6 verts=4
  vert indices: 12 13 14 15
  frame 0: (0.8789,0.5039) (0.9953,0.5047) (0.9953,0.6195) (0.8789,0.6195)
  frame 1: (0.8789,0.6289) (0.9961,0.6289) (0.9961,0.7453) (0.8789,0.7453)
  frame 2: (0.7539,0.7531) (0.8711,0.7539) (0.8711,0.8711) (0.7539,0.8711)
  frame 3: (0.8789,0.7539) (0.9961,0.7539) (0.9961,0.8711) (0.8789,0.8711)
  frame 4: (0.7539,0.8789) (0.8711,0.8789) (0.8711,0.9961) (0.7539,0.9961)
  frame 5: (0.8789,0.8789) (0.9961,0.8789) (0.9961,0.9961) (0.8789,0.9961)
PolyAnim[grp=0 eb=0 i=4]: anim=5 frames=6 verts=4
  vert indices: 16 17 18 19
  frame 0: (0.8789,0.5039) (0.9953,0.5047) (0.9953,0.6195) (0.8789,0.6195)
  frame 1: (0.8789,0.6289) (0.9961,0.6289) (0.9961,0.7453) (0.8789,0.7453)
  frame 2: (0.7539,0.7531) (0.8711,0.7539) (0.8711,0.8711) (0.7539,0.8711)
  frame 3: (0.8789,0.7539) (0.9961,0.7539) (0.9961,0.8711) (0.8789,0.8711)
  frame 4: (0.7539,0.8789) (0.8711,0.8789) (0.8711,0.9961) (0.7539,0.9961)
  frame 5: (0.8789,0.8789) (0.9961,0.8789) (0.9961,0.9961) (0.8789,0.9961)
PolyAnim[grp=0 eb=0 i=0]: anim=5 frames=6 verts=4
  vert indices: 0 1 2 3
  frame 0: (0.8789,0.5039) (0.9953,0.5047) (0.9953,0.6195) (0.8789,0.6195)
  frame 1: (0.8789,0.6289) (0.9961,0.6289) (0.9961,0.7453) (0.8789,0.7453)
  frame 2: (0.7539,0.7531) (0.8711,0.7539) (0.8711,0.8711) (0.7539,0.8711)
  frame 3: (0.8789,0.7539) (0.9961,0.7539) (0.9961,0.8711) (0.8789,0.8711)
  frame 4: (0.7539,0.8789) (0.8711,0.8789) (0.8711,0.9961) (0.7539,0.9961)
  frame 5: (0.8789,0.8789) (0.9961,0.8789) (0.9961,0.9961) (0.8789,0.9961)
PolyAnim[grp=0 eb=0 i=1]: anim=5 frames=6 verts=4
  vert indices: 4 5 6 7
  frame 0: (0.8789,0.5039) (0.9953,0.5047) (0.9953,0.6195) (0.8789,0.6195)
  frame 1: (0.8789,0.6289) (0.9961,0.6289) (0.9961,0.7453) (0.8789,0.7453)
  frame 2: (0.7539,0.7531) (0.8711,0.7539) (0.8711,0.8711) (0.7539,0.8711)
  frame 3: (0.8789,0.7539) (0.9961,0.7539) (0.9961,0.8711) (0.8789,0.8711)
  frame 4: (0.7539,0.8789) (0.8711,0.8789) (0.8711,0.9961) (0.7539,0.9961)
  frame 5: (0.8789,0.8789) (0.9961,0.8789) (0.9961,0.9961) (0.8789,0.9961)
PolyAnim[grp=0 eb=0 i=2]: anim=5 frames=6 verts=4
  vert indices: 8 9 10 11
  frame 0: (0.8789,0.5039) (0.9953,0.5047) (0.9953,0.6195) (0.8789,0.6195)
  frame 1: (0.8789,0.6289) (0.9961,0.6289) (0.9961,0.7453) (0.8789,0.7453)
  frame 2: (0.7539,0.7531) (0.8711,0.7539) (0.8711,0.8711) (0.7539,0.8711)
  frame 3: (0.8789,0.7539) (0.9961,0.7539) (0.9961,0.8711) (0.8789,0.8711)
  frame 4: (0.7539,0.8789) (0.8711,0.8789) (0.8711,0.9961) (0.7539,0.9961)
  frame 5: (0.8789,0.8789) (0.9961,0.8789) (0.9961,0.9961) (0.8789,0.9961)
PolyAnim[grp=0 eb=0 i=3]: anim=5 frames=6 verts=4
  vert indices: 12 13 14 15
  frame 0: (0.8789,0.5039) (0.9953,0.5047) (0.9953,0.6195) (0.8789,0.6195)
  frame 1: (0.8789,0.6289) (0.9961,0.6289) (0.9961,0.7453) (0.8789,0.7453)
  frame 2: (0.7539,0.7531) (0.8711,0.7539) (0.8711,0.8711) (0.7539,0.8711)
  frame 3: (0.8789,0.7539) (0.9961,0.7539) (0.9961,0.8711) (0.8789,0.8711)
  frame 4: (0.7539,0.8789) (0.8711,0.8789) (0.8711,0.9961) (0.7539,0.9961)
  frame 5: (0.8789,0.8789) (0.9961,0.8789) (0.9961,0.9961) (0.8789,0.9961)
PolyAnim[grp=0 eb=0 i=4]: anim=5 frames=6 verts=4
  vert indices: 16 17 18 19
  frame 0: (0.8789,0.5039) (0.9953,0.5047) (0.9953,0.6195) (0.8789,0.6195)
  frame 1: (0.8789,0.6289) (0.9961,0.6289) (0.9961,0.7453) (0.8789,0.7453)
  frame 2: (0.7539,0.7531) (0.8711,0.7539) (0.8711,0.8711) (0.7539,0.8711)
  frame 3: (0.8789,0.7539) (0.9961,0.7539) (0.9961,0.8711) (0.8789,0.8711)
  frame 4: (0.7539,0.8789) (0.8711,0.8789) (0.8711,0.9961) (0.7539,0.9961)
  frame 5: (0.8789,0.8789) (0.9961,0.8789) (0.9961,0.9961) (0.8789,0.9961)
PolyAnim[grp=0 eb=0 i=0]: anim=5 frames=6 verts=4
  vert indices: 0 1 2 3
  frame 0: (0.8789,0.5039) (0.9953,0.5047) (0.9953,0.6195) (0.8789,0.6195)
  frame 1: (0.8789,0.6289) (0.9961,0.6289) (0.9961,0.7453) (0.8789,0.7453)
  frame 2: (0.7539,0.7531) (0.8711,0.7539) (0.8711,0.8711) (0.7539,0.8711)
  frame 3: (0.8789,0.7539) (0.9961,0.7539) (0.9961,0.8711) (0.8789,0.8711)
  frame 4: (0.7539,0.8789) (0.8711,0.8789) (0.8711,0.9961) (0.7539,0.9961)
  frame 5: (0.8789,0.8789) (0.9961,0.8789) (0.9961,0.9961) (0.8789,0.9961)
PolyAnim[grp=0 eb=0 i=1]: anim=5 frames=6 verts=4
  vert indices: 4 5 6 7
  frame 0: (0.8789,0.5039) (0.9953,0.5047) (0.9953,0.6195) (0.8789,0.6195)
  frame 1: (0.8789,0.6289) (0.9961,0.6289) (0.9961,0.7453) (0.8789,0.7453)
  frame 2: (0.7539,0.7531) (0.8711,0.7539) (0.8711,0.8711) (0.7539,0.8711)
  frame 3: (0.8789,0.7539) (0.9961,0.7539) (0.9961,0.8711) (0.8789,0.8711)
  frame 4: (0.7539,0.8789) (0.8711,0.8789) (0.8711,0.9961) (0.7539,0.9961)
  frame 5: (0.8789,0.8789) (0.9961,0.8789) (0.9961,0.9961) (0.8789,0.9961)
PolyAnim[grp=0 eb=0 i=2]: anim=5 frames=6 verts=4
  vert indices: 8 9 10 11
  frame 0: (0.8789,0.5039) (0.9953,0.5047) (0.9953,0.6195) (0.8789,0.6195)
  frame 1: (0.8789,0.6289) (0.9961,0.6289) (0.9961,0.7453) (0.8789,0.7453)
  frame 2: (0.7539,0.7531) (0.8711,0.7539) (0.8711,0.8711) (0.7539,0.8711)
  frame 3: (0.8789,0.7539) (0.9961,0.7539) (0.9961,0.8711) (0.8789,0.8711)
  frame 4: (0.7539,0.8789) (0.8711,0.8789) (0.8711,0.9961) (0.7539,0.9961)
  frame 5: (0.8789,0.8789) (0.9961,0.8789) (0.9961,0.9961) (0.8789,0.9961)
PolyAnim[grp=0 eb=0 i=3]: anim=5 frames=6 verts=4
  vert indices: 12 13 14 15
  frame 0: (0.8789,0.5039) (0.9953,0.5047) (0.9953,0.6195) (0.8789,0.6195)
  frame 1: (0.8789,0.6289) (0.9961,0.6289) (0.9961,0.7453) (0.8789,0.7453)
  frame 2: (0.7539,0.7531) (0.8711,0.7539) (0.8711,0.8711) (0.7539,0.8711)
  frame 3: (0.8789,0.7539) (0.9961,0.7539) (0.9961,0.8711) (0.8789,0.8711)
  frame 4: (0.7539,0.8789) (0.8711,0.8789) (0.8711,0.9961) (0.7539,0.9961)
  frame 5: (0.8789,0.8789) (0.9961,0.8789) (0.9961,0.9961) (0.8789,0.9961)
PolyAnim[grp=0 eb=0 i=4]: anim=5 frames=6 verts=4
  vert indices: 16 17 18 19
  frame 0: (0.8789,0.5039) (0.9953,0.5047) (0.9953,0.6195) (0.8789,0.6195)
  frame 1: (0.8789,0.6289) (0.9961,0.6289) (0.9961,0.7453) (0.8789,0.7453)
  frame 2: (0.7539,0.7531) (0.8711,0.7539) (0.8711,0.8711) (0.7539,0.8711)
  frame 3: (0.8789,0.7539) (0.9961,0.7539) (0.9961,0.8711) (0.8789,0.8711)
  frame 4: (0.7539,0.8789) (0.8711,0.8789) (0.8711,0.9961) (0.7539,0.9961)
  frame 5: (0.8789,0.8789) (0.9961,0.8789) (0.9961,0.9961) (0.8789,0.9961)
PolyAnim[grp=0 eb=0 i=0]: anim=5 frames=6 verts=4
  vert indices: 0 1 2 3
  frame 0: (0.8789,0.5039) (0.9953,0.5047) (0.9953,0.6195) (0.8789,0.6195)
  frame 1: (0.8789,0.6289) (0.9961,0.6289) (0.9961,0.7453) (0.8789,0.7453)
  frame 2: (0.7539,0.7531) (0.8711,0.7539) (0.8711,0.8711) (0.7539,0.8711)
  frame 3: (0.8789,0.7539) (0.9961,0.7539) (0.9961,0.8711) (0.8789,0.8711)
  frame 4: (0.7539,0.8789) (0.8711,0.8789) (0.8711,0.9961) (0.7539,0.9961)
  frame 5: (0.8789,0.8789) (0.9961,0.8789) (0.9961,0.9961) (0.8789,0.9961)
PolyAnim[grp=0 eb=0 i=1]: anim=5 frames=6 verts=4
  vert indices: 4 5 6 7
  frame 0: (0.8789,0.5039) (0.9953,0.5047) (0.9953,0.6195) (0.8789,0.6195)
  frame 1: (0.8789,0.6289) (0.9961,0.6289) (0.9961,0.7453) (0.8789,0.7453)
  frame 2: (0.7539,0.7531) (0.8711,0.7539) (0.8711,0.8711) (0.7539,0.8711)
  frame 3: (0.8789,0.7539) (0.9961,0.7539) (0.9961,0.8711) (0.8789,0.8711)
  frame 4: (0.7539,0.8789) (0.8711,0.8789) (0.8711,0.9961) (0.7539,0.9961)
  frame 5: (0.8789,0.8789) (0.9961,0.8789) (0.9961,0.9961) (0.8789,0.9961)
PolyAnim[grp=0 eb=0 i=2]: anim=5 frames=6 verts=4
  vert indices: 8 9 10 11
  frame 0: (0.8789,0.5039) (0.9953,0.5047) (0.9953,0.6195) (0.8789,0.6195)
  frame 1: (0.8789,0.6289) (0.9961,0.6289) (0.9961,0.7453) (0.8789,0.7453)
  frame 2: (0.7539,0.7531) (0.8711,0.7539) (0.8711,0.8711) (0.7539,0.8711)
  frame 3: (0.8789,0.7539) (0.9961,0.7539) (0.9961,0.8711) (0.8789,0.8711)
  frame 4: (0.7539,0.8789) (0.8711,0.8789) (0.8711,0.9961) (0.7539,0.9961)
  frame 5: (0.8789,0.8789) (0.9961,0.8789) (0.9961,0.9961) (0.8789,0.9961)
PolyAnim[grp=0 eb=0 i=3]: anim=5 frames=6 verts=4
  vert indices: 12 13 14 15
  frame 0: (0.8789,0.5039) (0.9953,0.5047) (0.9953,0.6195) (0.8789,0.6195)
  frame 1: (0.8789,0.6289) (0.9961,0.6289) (0.9961,0.7453) (0.8789,0.7453)
  frame 2: (0.7539,0.7531) (0.8711,0.7539) (0.8711,0.8711) (0.7539,0.8711)
  frame 3: (0.8789,0.7539) (0.9961,0.7539) (0.9961,0.8711) (0.8789,0.8711)
  frame 4: (0.7539,0.8789) (0.8711,0.8789) (0.8711,0.9961) (0.7539,0.9961)
  frame 5: (0.8789,0.8789) (0.9961,0.8789) (0.9961,0.9961) (0.8789,0.9961)
PolyAnim[grp=0 eb=0 i=4]: anim=5 frames=6 verts=4
  vert indices: 16 17 18 19
  frame 0: (0.8789,0.5039) (0.9953,0.5047) (0.9953,0.6195) (0.8789,0.6195)
  frame 1: (0.8789,0.6289) (0.9961,0.6289) (0.9961,0.7453) (0.8789,0.7453)
  frame 2: (0.7539,0.7531) (0.8711,0.7539) (0.8711,0.8711) (0.7539,0.8711)
  frame 3: (0.8789,0.7539) (0.9961,0.7539) (0.9961,0.8711) (0.8789,0.8711)
  frame 4: (0.7539,0.8789) (0.8711,0.8789) (0.8711,0.9961) (0.7539,0.9961)
  frame 5: (0.8789,0.8789) (0.9961,0.8789) (0.9961,0.9961) (0.8789,0.9961)
PolyAnim[grp=0 eb=0 i=0]: anim=5 frames=6 verts=4
  vert indices: 0 1 2 3
  frame 0: (0.8789,0.5039) (0.9953,0.5047) (0.9953,0.6195) (0.8789,0.6195)
  frame 1: (0.8789,0.6289) (0.9961,0.6289) (0.9961,0.7453) (0.8789,0.7453)
  frame 2: (0.7539,0.7531) (0.8711,0.7539) (0.8711,0.8711) (0.7539,0.8711)
  frame 3: (0.8789,0.7539) (0.9961,0.7539) (0.9961,0.8711) (0.8789,0.8711)
  frame 4: (0.7539,0.8789) (0.8711,0.8789) (0.8711,0.9961) (0.7539,0.9961)
  frame 5: (0.8789,0.8789) (0.9961,0.8789) (0.9961,0.9961) (0.8789,0.9961)
PolyAnim[grp=0 eb=0 i=1]: anim=5 frames=6 verts=4
  vert indices: 4 5 6 7
  frame 0: (0.8789,0.5039) (0.9953,0.5047) (0.9953,0.6195) (0.8789,0.6195)
  frame 1: (0.8789,0.6289) (0.9961,0.6289) (0.9961,0.7453) (0.8789,0.7453)
  frame 2: (0.7539,0.7531) (0.8711,0.7539) (0.8711,0.8711) (0.7539,0.8711)
  frame 3: (0.8789,0.7539) (0.9961,0.7539) (0.9961,0.8711) (0.8789,0.8711)
  frame 4: (0.7539,0.8789) (0.8711,0.8789) (0.8711,0.9961) (0.7539,0.9961)
  frame 5: (0.8789,0.8789) (0.9961,0.8789) (0.9961,0.9961) (0.8789,0.9961)
PolyAnim[grp=0 eb=0 i=2]: anim=5 frames=6 verts=4
  vert indices: 8 9 10 11
  frame 0: (0.8789,0.5039) (0.9953,0.5047) (0.9953,0.6195) (0.8789,0.6195)
  frame 1: (0.8789,0.6289) (0.9961,0.6289) (0.9961,0.7453) (0.8789,0.7453)
  frame 2: (0.7539,0.7531) (0.8711,0.7539) (0.8711,0.8711) (0.7539,0.8711)
  frame 3: (0.8789,0.7539) (0.9961,0.7539) (0.9961,0.8711) (0.8789,0.8711)
  frame 4: (0.7539,0.8789) (0.8711,0.8789) (0.8711,0.9961) (0.7539,0.9961)
  frame 5: (0.8789,0.8789) (0.9961,0.8789) (0.9961,0.9961) (0.8789,0.9961)
PolyAnim[grp=0 eb=0 i=3]: anim=5 frames=6 verts=4
  vert indices: 12 13 14 15
  frame 0: (0.8789,0.5039) (0.9953,0.5047) (0.9953,0.6195) (0.8789,0.6195)
  frame 1: (0.8789,0.6289) (0.9961,0.6289) (0.9961,0.7453) (0.8789,0.7453)
  frame 2: (0.7539,0.7531) (0.8711,0.7539) (0.8711,0.8711) (0.7539,0.8711)
  frame 3: (0.8789,0.7539) (0.9961,0.7539) (0.9961,0.8711) (0.8789,0.8711)
  frame 4: (0.7539,0.8789) (0.8711,0.8789) (0.8711,0.9961) (0.7539,0.9961)
  frame 5: (0.8789,0.8789) (0.9961,0.8789) (0.9961,0.9961) (0.8789,0.9961)
PolyAnim[grp=0 eb=0 i=4]: anim=5 frames=6 verts=4
  vert indices: 16 17 18 19
  frame 0: (0.8789,0.5039) (0.9953,0.5047) (0.9953,0.6195) (0.8789,0.6195)
  frame 1: (0.8789,0.6289) (0.9961,0.6289) (0.9961,0.7453) (0.8789,0.7453)
  frame 2: (0.7539,0.7531) (0.8711,0.7539) (0.8711,0.8711) (0.7539,0.8711)
  frame 3: (0.8789,0.7539) (0.9961,0.7539) (0.9961,0.8711) (0.8789,0.8711)
  frame 4: (0.7539,0.8789) (0.8711,0.8789) (0.8711,0.9961) (0.7539,0.9961)
  frame 5: (0.8789,0.8789) (0.9961,0.8789) (0.9961,0.9961) (0.8789,0.9961)
