AFTER FixUV_Anim [grp=0 eb=0]: verts=4 frames=6
  static vert UVs: v0=(0.8809,0.5059) v1=(0.9934,0.5066) v2=(0.9934,0.6176) v3=(0.8809,0.6176)
  frame 0: (0.8809,0.5059) (0.9934,0.5066) (0.9934,0.6176) (0.8809,0.6176)
  frame 1: (0.8809,0.6309) (0.9941,0.6309) (0.9941,0.7434) (0.8809,0.7434)
  frame 2: (0.7559,0.7551) (0.8691,0.7559) (0.8691,0.8691) (0.7559,0.8691)
  frame 3: (0.8809,0.7559) (0.9941,0.7559) (0.9941,0.8691) (0.8809,0.8691)
  frame 4: (0.7559,0.8809) (0.8691,0.8809) (0.8691,0.9941) (0.7559,0.9941)
  frame 5: (0.8809,0.8809) (0.9941,0.8809) (0.9941,0.9941) (0.8809,0.9941)
AFTER FixUV_Anim [grp=0 eb=0]: verts=4 frames=6
  static vert UVs: v4=(0.8809,0.5059) v5=(0.9934,0.5066) v6=(0.9934,0.6176) v7=(0.8809,0.6176)
  frame 0: (0.8809,0.5059) (0.9934,0.5066) (0.9934,0.6176) (0.8809,0.6176)
  frame 1: (0.8809,0.6309) (0.9941,0.6309) (0.9941,0.7434) (0.8809,0.7434)
  frame 2: (0.7559,0.7551) (0.8691,0.7559) (0.8691,0.8691) (0.7559,0.8691)
  frame 3: (0.8809,0.7559) (0.9941,0.7559) (0.9941,0.8691) (0.8809,0.8691)
  frame 4: (0.7559,0.8809) (0.8691,0.8809) (0.8691,0.9941) (0.7559,0.9941)
  frame 5: (0.8809,0.8809) (0.9941,0.8809) (0.9941,0.9941) (0.8809,0.9941)
AFTER FixUV_Anim [grp=0 eb=0]: verts=4 frames=6
  static vert UVs: v8=(0.8809,0.5059) v9=(0.9934,0.5066) v10=(0.9934,0.6176) v11=(0.8809,0.6176)
  frame 0: (0.8809,0.5059) (0.9934,0.5066) (0.9934,0.6176) (0.8809,0.6176)
  frame 1: (0.8809,0.6309) (0.9941,0.6309) (0.9941,0.7434) (0.8809,0.7434)
  frame 2: (0.7559,0.7551) (0.8691,0.7559) (0.8691,0.8691) (0.7559,0.8691)
  frame 3: (0.8809,0.7559) (0.9941,0.7559) (0.9941,0.8691) (0.8809,0.8691)
  frame 4: (0.7559,0.8809) (0.8691,0.8809) (0.8691,0.9941) (0.7559,0.9941)
  frame 5: (0.8809,0.8809) (0.9941,0.8809) (0.9941,0.9941) (0.8809,0.9941)
AFTER FixUV_Anim [grp=0 eb=0]: verts=4 frames=6
  static vert UVs: v0=(-inf,-inf) v1=(0.9953,0.5047) v2=(-inf,-inf) v3=(0.8789,0.6195)
  frame 0: (-inf,-inf) (0.9953,0.5047) (-inf,-inf) (0.8789,0.6195)
  frame 1: (-inf,-inf) (0.9961,0.6289) (-inf,-inf) (0.8789,0.7453)
  frame 2: (-inf,-inf) (0.8711,0.7539) (-inf,-inf) (0.7539,0.8711)
  frame 3: (-inf,-inf) (0.9961,0.7539) (-inf,-inf) (0.8789,0.8711)
  frame 4: (-inf,-inf) (0.8711,0.8789) (-inf,-inf) (0.7539,0.9961)
  frame 5: (-inf,-inf) (0.9961,0.8789) (-inf,-inf) (0.8789,0.9961)
AFTER FixUV_Anim [grp=0 eb=0]: verts=4 frames=6
  static vert UVs: v4=(-inf,-inf) v5=(0.9953,0.5047) v6=(-inf,-inf) v7=(0.8789,0.6195)
  frame 0: (-inf,-inf) (0.9953,0.5047) (-inf,-inf) (0.8789,0.6195)
  frame 1: (-inf,-inf) (0.9961,0.6289) (-inf,-inf) (0.8789,0.7453)
  frame 2: (-inf,-inf) (0.8711,0.7539) (-inf,-inf) (0.7539,0.8711)
  frame 3: (-inf,-inf) (0.9961,0.7539) (-inf,-inf) (0.8789,0.8711)
  frame 4: (-inf,-inf) (0.8711,0.8789) (-inf,-inf) (0.7539,0.9961)
  frame 5: (-inf,-inf) (0.9961,0.8789) (-inf,-inf) (0.8789,0.9961)
AFTER FixUV_Anim [grp=0 eb=0]: verts=4 frames=6
  static vert UVs: v8=(-inf,-inf) v9=(0.9953,0.5047) v10=(-inf,-inf) v11=(0.8789,0.6195)
  frame 0: (-inf,-inf) (0.9953,0.5047) (-inf,-inf) (0.8789,0.6195)
  frame 1: (-inf,-inf) (0.9961,0.6289) (-inf,-inf) (0.8789,0.7453)
  frame 2: (-inf,-inf) (0.8711,0.7539) (-inf,-inf) (0.7539,0.8711)
  frame 3: (-inf,-inf) (0.9961,0.7539) (-inf,-inf) (0.8789,0.8711)
  frame 4: (-inf,-inf) (0.8711,0.8789) (-inf,-inf) (0.7539,0.9961)
  frame 5: (-inf,-inf) (0.9961,0.8789) (-inf,-inf) (0.8789,0.9961)
AFTER FixUV_Anim [grp=0 eb=0]: verts=4 frames=6
  static vert UVs: v0=(0.8809,0.5059) v1=(0.9934,0.5066) v2=(0.9934,0.6176) v3=(0.8809,0.6176)
  frame 0: (0.8809,0.5059) (0.9934,0.5066) (0.9934,0.6176) (0.8809,0.6176)
  frame 1: (0.8809,0.6309) (0.9941,0.6309) (0.9941,0.7434) (0.8809,0.7434)
  frame 2: (0.7559,0.7551) (0.8691,0.7559) (0.8691,0.8691) (0.7559,0.8691)
  frame 3: (0.8809,0.7559) (0.9941,0.7559) (0.9941,0.8691) (0.8809,0.8691)
  frame 4: (0.7559,0.8809) (0.8691,0.8809) (0.8691,0.9941) (0.7559,0.9941)
  frame 5: (0.8809,0.8809) (0.9941,0.8809) (0.9941,0.9941) (0.8809,0.9941)
AFTER FixUV_Anim [grp=0 eb=0]: verts=4 frames=6
  static vert UVs: v4=(0.8809,0.5059) v5=(0.9934,0.5066) v6=(0.9934,0.6176) v7=(0.8809,0.6176)
  frame 0: (0.8809,0.5059) (0.9934,0.5066) (0.9934,0.6176) (0.8809,0.6176)
  frame 1: (0.8809,0.6309) (0.9941,0.6309) (0.9941,0.7434) (0.8809,0.7434)
  frame 2: (0.7559,0.7551) (0.8691,0.7559) (0.8691,0.8691) (0.7559,0.8691)
  frame 3: (0.8809,0.7559) (0.9941,0.7559) (0.9941,0.8691) (0.8809,0.8691)
  frame 4: (0.7559,0.8809) (0.8691,0.8809) (0.8691,0.9941) (0.7559,0.9941)
  frame 5: (0.8809,0.8809) (0.9941,0.8809) (0.9941,0.9941) (0.8809,0.9941)
AFTER FixUV_Anim [grp=0 eb=0]: verts=4 frames=6
  static vert UVs: v8=(0.8809,0.5059) v9=(0.9934,0.5066) v10=(0.9934,0.6176) v11=(0.8809,0.6176)
  frame 0: (0.8809,0.5059) (0.9934,0.5066) (0.9934,0.6176) (0.8809,0.6176)
  frame 1: (0.8809,0.6309) (0.9941,0.6309) (0.9941,0.7434) (0.8809,0.7434)
  frame 2: (0.7559,0.7551) (0.8691,0.7559) (0.8691,0.8691) (0.7559,0.8691)
  frame 3: (0.8809,0.7559) (0.9941,0.7559) (0.9941,0.8691) (0.8809,0.8691)
  frame 4: (0.7559,0.8809) (0.8691,0.8809) (0.8691,0.9941) (0.7559,0.9941)
  frame 5: (0.8809,0.8809) (0.9941,0.8809) (0.9941,0.9941) (0.8809,0.9941)
AFTER FixUV_Anim [grp=0 eb=0]: verts=4 frames=6
  static vert UVs: v0=(0.8809,0.5059) v1=(0.9934,0.5066) v2=(0.9934,0.6176) v3=(0.8809,0.6176)
  frame 0: (0.8809,0.5059) (0.9934,0.5066) (0.9934,0.6176) (0.8809,0.6176)
  frame 1: (0.8809,0.6309) (0.9941,0.6309) (0.9941,0.7434) (0.8809,0.7434)
  frame 2: (0.7559,0.7551) (0.8691,0.7559) (0.8691,0.8691) (0.7559,0.8691)
  frame 3: (0.8809,0.7559) (0.9941,0.7559) (0.9941,0.8691) (0.8809,0.8691)
  frame 4: (0.7559,0.8809) (0.8691,0.8809) (0.8691,0.9941) (0.7559,0.9941)
  frame 5: (0.8809,0.8809) (0.9941,0.8809) (0.9941,0.9941) (0.8809,0.9941)
AFTER FixUV_Anim [grp=0 eb=0]: verts=4 frames=6
  static vert UVs: v4=(0.8809,0.5059) v5=(0.9934,0.5066) v6=(0.9934,0.6176) v7=(0.8809,0.6176)
  frame 0: (0.8809,0.5059) (0.9934,0.5066) (0.9934,0.6176) (0.8809,0.6176)
  frame 1: (0.8809,0.6309) (0.9941,0.6309) (0.9941,0.7434) (0.8809,0.7434)
  frame 2: (0.7559,0.7551) (0.8691,0.7559) (0.8691,0.8691) (0.7559,0.8691)
  frame 3: (0.8809,0.7559) (0.9941,0.7559) (0.9941,0.8691) (0.8809,0.8691)
  frame 4: (0.7559,0.8809) (0.8691,0.8809) (0.8691,0.9941) (0.7559,0.9941)
  frame 5: (0.8809,0.8809) (0.9941,0.8809) (0.9941,0.9941) (0.8809,0.9941)
AFTER FixUV_Anim [grp=0 eb=0]: verts=4 frames=6
  static vert UVs: v8=(0.8809,0.5059) v9=(0.9934,0.5066) v10=(0.9934,0.6176) v11=(0.8809,0.6176)
  frame 0: (0.8809,0.5059) (0.9934,0.5066) (0.9934,0.6176) (0.8809,0.6176)
  frame 1: (0.8809,0.6309) (0.9941,0.6309) (0.9941,0.7434) (0.8809,0.7434)
  frame 2: (0.7559,0.7551) (0.8691,0.7559) (0.8691,0.8691) (0.7559,0.8691)
  frame 3: (0.8809,0.7559) (0.9941,0.7559) (0.9941,0.8691) (0.8809,0.8691)
  frame 4: (0.7559,0.8809) (0.8691,0.8809) (0.8691,0.9941) (0.7559,0.9941)
  frame 5: (0.8809,0.8809) (0.9941,0.8809) (0.9941,0.9941) (0.8809,0.9941)
